{
  "results": {
    "eve-runtime": {
      "error": "devstack agent-session request failed (500): worker unit devstack-agent-session-worker-worker-019f25dc-9c5d-71d2-a99f-1eb293b63670.service exited before writing manifest /home/dana/.local/share/devstack/agent-sessions/session-019f25dc-9c5d-71d2-a99f-1e707095967b/launches/launch-019f25dc-9c5d-71d2-a99f-1ea3875a40d4/workers/worker-019f25dc-9c5d-71d2-a99f-1eb293b63670/manifest.json: active_state=inactive, sub_state=dead, result=success"
    },
    "web-ui": {
      "error": "devstack agent-session request failed (500): worker unit devstack-agent-session-worker-worker-019f25dc-9c66-71a0-a68e-5462b2ef51bd.service exited before writing manifest /home/dana/.local/share/devstack/agent-sessions/session-019f25dc-9c64-7921-a794-1f32fb60800b/launches/launch-019f25dc-9c66-71a0-a68e-545f6b513cf9/workers/worker-019f25dc-9c66-71a0-a68e-5462b2ef51bd/manifest.json: active_state=inactive, sub_state=dead, result=success"
    },
    "automations": {
      "error": "devstack agent-session request failed (500): worker unit devstack-agent-session-worker-worker-019f25dc-9c65-7190-b098-c3b6b12ec125.service exited before writing manifest /home/dana/.local/share/devstack/agent-sessions/session-019f25dc-9c63-73d0-94c9-d7d634e40bf5/launches/launch-019f25dc-9c65-7190-b098-c3a02f06dfb8/workers/worker-019f25dc-9c65-7190-b098-c3b6b12ec125/manifest.json: active_state=inactive, sub_state=dead, result=success"
    },
    "platform-research": {
      "error": "devstack agent-session request failed (500): worker unit devstack-agent-session-worker-worker-019f25dc-9c66-71a0-a68e-5485a811e250.service exited before writing manifest /home/dana/.local/share/devstack/agent-sessions/session-019f25dc-9c64-7921-a794-1f458312708d/launches/launch-019f25dc-9c66-71a0-a68e-5470b8003016/workers/worker-019f25dc-9c66-71a0-a68e-5485a811e250/manifest.json: active_state=inactive, sub_state=dead, result=success"
    },
    "data-model": {
      "error": "devstack agent-session request failed (500): IO error for operation on /home/dana/.local/share/devstack/agent-sessions/session-019f25dc-9c5d-71d2-a99f-1e680fef3997/launches/launch-019f25dc-9c5d-71d2-a99f-1e82a3f89ca5/workers/worker-019f25dc-9c5d-71d2-a99f-1e93356f8480: Too many open files (os error 24)"
    }
  },
  "totalCost": 0
}

--- conductor ledger (134068 ms) ---
worker                          msgs        tokens         cost
TOTAL                              0            0      $0.0000
run log: /home/dana/projects/augment/agents/executor/tmp/architecture-context.run-2026-07-03T02-44-02-755Z.jsonl
{
  "results": {
    "data-model": {
      "briefingPath": "tmp/briefings/data-model.md",
      "pins": [
        "apps/open-agents/lib/db/schema.ts",
        "apps/open-agents/lib/db/auth-schema.ts",
        "apps/open-agents/lib/auth/config.ts",
        "agent/lib/open-agents-profile.ts"
      ],
      "source": "session-019f25df-6b9e-74a1-b34a-b294da7b72be",
      "chars": 13618
    },
    "eve-runtime": {
      "briefingPath": "tmp/briefings/eve-runtime.md",
      "pins": [
        "docs/open-agents-operations-handoff.md",
        "agent/agent.ts",
        "agent/channels/eve.ts",
        "agent/channels/slack.ts",
        "agent/lib/open-agents-profile.ts",
        "agent/lib/open-agents-slack-session.ts",
        "agent/tools/open_agents_profile.ts",
        "agent/instructions/open_agents_profile.ts",
        "apps/open-agents/lib/db/schema.ts",
        "node_modules/eve/README.md",
        "node_modules/eve/docs/subagents.mdx",
        "node_modules/eve/docs/guides/remote-agents.md",
        "node_modules/eve/dist/src/public/definitions/agent.d.ts",
        "node_modules/eve/dist/src/public/definitions/remote-agent.d.ts",
        "node_modules/eve/dist/src/public/definitions/tool.d.ts",
        "node_modules/eve/dist/src/shared/dynamic-tool-definition.d.ts",
        "node_modules/eve/dist/src/client/client.d.ts",
        "node_modules/eve/dist/src/client/session.d.ts",
        "node_modules/eve/dist/src/runtime/actions/types.d.ts",
        "node_modules/eve/dist/src/channel/types.d.ts"
      ],
      "source": "session-019f25df-a129-7ba0-a375-92105e01c076",
      "chars": 16315
    },
    "platform-research": {
      "briefingPath": "tmp/briefings/platform-research.md",
      "pins": [
        "node_modules/eve/package.json",
        "node_modules/eve/docs/concepts/sessions-runs-and-streaming.md",
        "node_modules/eve/docs/concepts/execution-model-and-durability.md",
        "node_modules/eve/docs/guides/hooks.md",
        "node_modules/eve/docs/skills.mdx",
        "node_modules/eve/docs/guides/dynamic-capabilities.md",
        "node_modules/eve/docs/channels/slack.mdx",
        "node_modules/eve/docs/subagents.mdx",
        "node_modules/eve/dist/src/client/index.d.ts",
        "node_modules/eve/dist/src/public/channels/slack/index.d.ts",
        "node_modules/eve/dist/src/public/hooks/index.d.ts",
        "node_modules/eve/dist/src/public/skills/index.d.ts"
      ],
      "source": "session-019f25df-e9f0-71a0-9279-f37cae8ce427",
      "chars": 9675
    },
    "web-ui": {
      "briefingPath": "tmp/briefings/web-ui.md",
      "pins": [
        "docs/open-agents-operations-handoff.md",
        "apps/open-agents/app/sessions/[sessionId]/chats/[chatId]/page.tsx",
        "apps/open-agents/app/sessions/[sessionId]/chats/[chatId]/hooks/use-session-chat-runtime.ts",
        "apps/open-agents/app/sessions/[sessionId]/chats/[chatId]/session-chat-context.tsx",
        "apps/open-agents/app/sessions/[sessionId]/chats/[chatId]/session-chat-content.tsx",
        "apps/open-agents/app/api/sessions/_lib/session-context.ts",
        "apps/open-agents/lib/session/get-server-session.ts",
        "apps/open-agents/lib/session/server.ts",
        "apps/open-agents/lib/auth/config.ts",
        "apps/open-agents/lib/db/schema.ts",
        "apps/open-agents/lib/db/sessions.ts",
        "apps/open-agents/lib/db/eve-chat-sessions.ts",
        "apps/open-agents/app/api/sessions/[sessionId]/chats/[chatId]/eve/route.ts",
        "apps/open-agents/app/api/sessions/[sessionId]/chats/[chatId]/share/route.ts",
        "apps/open-agents/app/api/sandbox/route.ts",
        "apps/open-agents/app/api/sandbox/status/route.ts",
        "apps/open-agents/app/api/sandbox/reconnect/route.ts",
        "apps/open-agents/app/api/sandbox/pause/route.ts",
        "apps/open-agents/app/api/sandbox/resume/route.ts",
        "apps/open-agents/app/api/sandbox/activity/route.ts",
        "apps/open-agents/app/api/sandbox/extend/route.ts",
        "apps/open-agents/app/api/settings/agent-library/route.ts",
        "apps/open-agents/lib/agents/repository.ts",
        "apps/open-agents/app/settings/agents-section.tsx",
        "apps/open-agents/app/shared/[shareId]/page.tsx",
        "apps/open-agents/app/api/shared/[shareId]/markdown/route.ts"
      ],
      "source": "session-019f25df-cbc7-7d43-9911-3d4937fea599",
      "chars": 13895
    },
    "automations": {
      "error": "The socket connection was closed unexpectedly. For more information, pass `verbose: true` in the second argument to fetch()"
    }
  },
  "totalCost": 5.083157000000001
}

--- conductor ledger (450254 ms) ---
worker                          msgs        tokens         cost
oa-arch-platform-research-3       15      624,998      $0.8015
oa-arch-automations-3             16      896,929      $0.9857
oa-arch-data-model-2              19    1,241,918      $1.1237
oa-arch-eve-runtime-3              9      553,648      $0.9130
oa-arch-web-ui-3                  15    1,161,058      $1.2592
TOTAL                             74    4,478,551      $5.0832
run log: /home/dana/projects/augment/agents/executor/tmp/architecture-context-retry.run-2026-07-03T02-47-03-490Z.jsonl
